<?xml version="1.0" encoding="UTF-8"?>
<testsuite name="com.ace.shared.dto.SyncBatchRequestDtoTest" tests="3" skipped="0" failures="0" errors="0" timestamp="2026-06-24T15:39:52" hostname="LAPTOP-6LQPP2A5" time="0.02">
  <properties/>
  <testcase name="should round-trip SyncBatchRequestDto through Gson()" classname="com.ace.shared.dto.SyncBatchRequestDtoTest" time="0.017"/>
  <testcase name="should enforce batch size limit in domain logic()" classname="com.ace.shared.dto.SyncBatchRequestDtoTest" time="0.0"/>
  <testcase name="should serialize SyncBatchRequestDto with blocks and stats()" classname="com.ace.shared.dto.SyncBatchRequestDtoTest" time="0.001"/>
  <system-out><![CDATA[]]></system-out>
  <system-err><![CDATA[]]></system-err>
</testsuite>
